-- Found ament_cmake: 1.3.11 (/opt/ros/humble/share/ament_cmake/cmake)
-- Found rclcpp: 16.0.12 (/opt/ros/humble/share/rclcpp/cmake)
-- Found rosidl_generator_c: 3.1.6 (/opt/ros/humble/share/rosidl_generator_c/cmake)
-- Found rosidl_adapter: 3.1.6 (/opt/ros/humble/share/rosidl_adapter/cmake)
-- Found rosidl_generator_cpp: 3.1.6 (/opt/ros/humble/share/rosidl_generator_cpp/cmake)
-- Using all available rosidl_typesupport_c: rosidl_typesupport_fastrtps_c;rosidl_typesupport_introspection_c
-- Using all available rosidl_typesupport_cpp: rosidl_typesupport_fastrtps_cpp;rosidl_typesupport_introspection_cpp
-- Found rmw_implementation_cmake: 6.1.2 (/opt/ros/humble/share/rmw_implementation_cmake/cmake)
-- Found rmw_fastrtps_cpp: 6.2.7 (/opt/ros/humble/share/rmw_fastrtps_cpp/cmake)
-- Using RMW implementation 'rmw_fastrtps_cpp' as default
-- Configuring done
-- Generating done
-- Build files have been written to: /home/tmem-orin8/tlab_practice_pacage/hello/build/hello
[ 66%] [32mBuilding CXX object CMakeFiles/hello.dir/src/hello_node.cpp.o[0m
[ 66%] [32mBuilding CXX object CMakeFiles/hello.dir/src/main.cpp.o[0m
[01m[K/home/tmem-orin8/tlab_practice_pacage/hello/src/main.cpp:1:10:[m[K [01;31m[Kfatal error: [m[Khello/hello_node.hpp: No such file or directory
    1 | #include [01;31m[K"hello/hello_node.hpp"[m[K
      |          [01;31m[K^~~~~~~~~~~~~~~~~~~~~~[m[K
compilation terminated.
[01m[K/home/tmem-orin8/tlab_practice_pacage/hello/src/hello_node.cpp:1:10:[m[K [01;31m[Kfatal error: [m[Khello/hello_node.hpp: No such file or directory
    1 | #include [01;31m[K"hello/hello_node.hpp"[m[K
      |          [01;31m[K^~~~~~~~~~~~~~~~~~~~~~[m[K
compilation terminated.
gmake[2]: *** [CMakeFiles/hello.dir/build.make:76: CMakeFiles/hello.dir/src/main.cpp.o] Error 1
gmake[2]: *** Waiting for unfinished jobs....
gmake[2]: *** [CMakeFiles/hello.dir/build.make:90: CMakeFiles/hello.dir/src/hello_node.cpp.o] Error 1
gmake[1]: *** [CMakeFiles/Makefile2:137: CMakeFiles/hello.dir/all] Error 2
gmake: *** [Makefile:146: all] Error 2
