[0.022s] Invoking command in '/home/tmem-orin8/tlab_practice_pacage/build/hello': CMAKE_PREFIX_PATH=/opt/ros/humble /usr/bin/cmake /home/tmem-orin8/tlab_practice_pacage/hello -DCMAKE_INSTALL_PREFIX=/home/tmem-orin8/tlab_practice_pacage/install/hello
[0.182s] -- The C compiler identification is GNU 11.4.0
[0.299s] -- The CXX compiler identification is GNU 11.4.0
[0.313s] -- Detecting C compiler ABI info
[0.445s] -- Detecting C compiler ABI info - done
[0.457s] -- Check for working C compiler: /usr/bin/cc - skipped
[0.457s] -- Detecting C compile features
[0.458s] -- Detecting C compile features - done
[0.464s] -- Detecting CXX compiler ABI info
[0.618s] -- Detecting CXX compiler ABI info - done
[0.635s] -- Check for working CXX compiler: /usr/bin/c++ - skipped
[0.635s] -- Detecting CXX compile features
[0.636s] -- Detecting CXX compile features - done
[0.641s] -- Found ament_cmake: 1.3.11 (/opt/ros/humble/share/ament_cmake/cmake)
[0.964s] -- Found Python3: /usr/bin/python3 (found version "3.10.12") found components: Interpreter 
[1.162s] -- Found rclcpp: 16.0.12 (/opt/ros/humble/share/rclcpp/cmake)
[1.238s] -- Found rosidl_generator_c: 3.1.6 (/opt/ros/humble/share/rosidl_generator_c/cmake)
[1.245s] -- Found rosidl_adapter: 3.1.6 (/opt/ros/humble/share/rosidl_adapter/cmake)
[1.260s] -- Found rosidl_generator_cpp: 3.1.6 (/opt/ros/humble/share/rosidl_generator_cpp/cmake)
[1.282s] -- Using all available rosidl_typesupport_c: rosidl_typesupport_fastrtps_c;rosidl_typesupport_introspection_c
[1.313s] -- Using all available rosidl_typesupport_cpp: rosidl_typesupport_fastrtps_cpp;rosidl_typesupport_introspection_cpp
[1.393s] -- Found rmw_implementation_cmake: 6.1.2 (/opt/ros/humble/share/rmw_implementation_cmake/cmake)
[1.398s] -- Found rmw_fastrtps_cpp: 6.2.7 (/opt/ros/humble/share/rmw_fastrtps_cpp/cmake)
[1.632s] -- Found OpenSSL: /usr/lib/aarch64-linux-gnu/libcrypto.so (found version "3.0.2")  
[1.687s] -- Found FastRTPS: /opt/ros/humble/include  
[1.768s] -- Using RMW implementation 'rmw_fastrtps_cpp' as default
[1.784s] -- Looking for pthread.h
[1.939s] -- Looking for pthread.h - found
[1.940s] -- Performing Test CMAKE_HAVE_LIBC_PTHREAD
[2.114s] -- Performing Test CMAKE_HAVE_LIBC_PTHREAD - Success
[2.116s] -- Found Threads: TRUE  
[2.385s] -- Configuring done
[2.407s] -- Generating done
[2.418s] -- Build files have been written to: /home/tmem-orin8/tlab_practice_pacage/build/hello
[2.444s] Invoked command in '/home/tmem-orin8/tlab_practice_pacage/build/hello' returned '0': CMAKE_PREFIX_PATH=/opt/ros/humble /usr/bin/cmake /home/tmem-orin8/tlab_practice_pacage/hello -DCMAKE_INSTALL_PREFIX=/home/tmem-orin8/tlab_practice_pacage/install/hello
[2.448s] Invoking command in '/home/tmem-orin8/tlab_practice_pacage/build/hello': CMAKE_PREFIX_PATH=/opt/ros/humble /usr/bin/cmake --build /home/tmem-orin8/tlab_practice_pacage/build/hello -- -j6 -l6
[2.555s] [ 33%] [32mBuilding CXX object CMakeFiles/hello.dir/src/main.cpp.o[0m
[2.556s] [ 66%] [32mBuilding CXX object CMakeFiles/hello.dir/src/hello_node.cpp.o[0m
[2.576s] [01m[K/home/tmem-orin8/tlab_practice_pacage/hello/src/main.cpp:1:10:[m[K [01;31m[Kfatal error: [m[Khello/hello_node.hpp: No such file or directory
[2.577s]     1 | #include [01;31m[K"hello/hello_node.hpp"[m[K
[2.577s]       |          [01;31m[K^~~~~~~~~~~~~~~~~~~~~~[m[K
[2.579s] compilation terminated.
[2.579s] [01m[K/home/tmem-orin8/tlab_practice_pacage/hello/src/hello_node.cpp:1:10:[m[K [01;31m[Kfatal error: [m[Khello/hello_node.hpp: No such file or directory
[2.579s]     1 | #include [01;31m[K"hello/hello_node.hpp"[m[K
[2.579s]       |          [01;31m[K^~~~~~~~~~~~~~~~~~~~~~[m[K
[2.580s] compilation terminated.
[2.580s] gmake[2]: *** [CMakeFiles/hello.dir/build.make:76: CMakeFiles/hello.dir/src/main.cpp.o] Error 1
[2.580s] gmake[2]: *** Waiting for unfinished jobs....
[2.580s] gmake[2]: *** [CMakeFiles/hello.dir/build.make:90: CMakeFiles/hello.dir/src/hello_node.cpp.o] Error 1
[2.580s] gmake[1]: *** [CMakeFiles/Makefile2:137: CMakeFiles/hello.dir/all] Error 2
[2.580s] gmake: *** [Makefile:146: all] Error 2
[2.586s] Invoked command in '/home/tmem-orin8/tlab_practice_pacage/build/hello' returned '2': CMAKE_PREFIX_PATH=/opt/ros/humble /usr/bin/cmake --build /home/tmem-orin8/tlab_practice_pacage/build/hello -- -j6 -l6
