[0.024s] Invoking command in '/home/tmem-orin8/tlab_practice_pacage/build/camera_test': CMAKE_PREFIX_PATH=/opt/ros/humble /usr/bin/cmake /home/tmem-orin8/tlab_practice_pacage/camera_test -DCMAKE_INSTALL_PREFIX=/home/tmem-orin8/tlab_practice_pacage/install/camera_test
[0.044s] -- Found ament_cmake: 1.3.11 (/opt/ros/humble/share/ament_cmake/cmake)
[0.340s] -- Found rclcpp: 16.0.14 (/opt/ros/humble/share/rclcpp/cmake)
[0.410s] -- Found rosidl_generator_c: 3.1.6 (/opt/ros/humble/share/rosidl_generator_c/cmake)
[0.415s] -- Found rosidl_adapter: 3.1.6 (/opt/ros/humble/share/rosidl_adapter/cmake)
[0.426s] -- Found rosidl_generator_cpp: 3.1.6 (/opt/ros/humble/share/rosidl_generator_cpp/cmake)
[0.444s] -- Using all available rosidl_typesupport_c: rosidl_typesupport_fastrtps_c;rosidl_typesupport_introspection_c
[0.466s] -- Using all available rosidl_typesupport_cpp: rosidl_typesupport_fastrtps_cpp;rosidl_typesupport_introspection_cpp
[0.526s] -- Found rmw_implementation_cmake: 6.1.2 (/opt/ros/humble/share/rmw_implementation_cmake/cmake)
[0.528s] -- Found rmw_fastrtps_cpp: 6.2.7 (/opt/ros/humble/share/rmw_fastrtps_cpp/cmake)
[0.707s] -- Using RMW implementation 'rmw_fastrtps_cpp' as default
[0.799s] -- Found ament_lint_auto: 0.12.12 (/opt/ros/humble/share/ament_lint_auto/cmake)
[0.941s] -- Added test 'cppcheck' to perform static code analysis on C / C++ code
[0.941s] -- Configured cppcheck include dirs: $<BUILD_INTERFACE:/home/tmem-orin8/tlab_practice_pacage/camera_test/include>
[0.941s] -- Configured cppcheck exclude dirs and/or files: 
[0.942s] -- Added test 'flake8' to check Python code syntax and style conventions
[0.942s] -- Added test 'lint_cmake' to check CMake code style
[0.943s] -- Added test 'pep257' to check Python code against some of the docstring style conventions in PEP 257
[0.944s] -- Added test 'uncrustify' to check C / C++ code style
[0.944s] -- Configured uncrustify additional arguments: 
[0.945s] -- Added test 'xmllint' to check XML markup files
[0.946s] -- Configuring done
[0.964s] -- Generating done
[0.970s] -- Build files have been written to: /home/tmem-orin8/tlab_practice_pacage/build/camera_test
[0.989s] Invoked command in '/home/tmem-orin8/tlab_practice_pacage/build/camera_test' returned '0': CMAKE_PREFIX_PATH=/opt/ros/humble /usr/bin/cmake /home/tmem-orin8/tlab_practice_pacage/camera_test -DCMAKE_INSTALL_PREFIX=/home/tmem-orin8/tlab_practice_pacage/install/camera_test
[0.994s] Invoking command in '/home/tmem-orin8/tlab_practice_pacage/build/camera_test': CMAKE_PREFIX_PATH=/opt/ros/humble /usr/bin/cmake --build /home/tmem-orin8/tlab_practice_pacage/build/camera_test -- -j6 -l6
[1.098s] [ 66%] [32mBuilding CXX object CMakeFiles/camera_test.dir/src/main.cpp.o[0m
[1.098s] [ 66%] [32mBuilding CXX object CMakeFiles/camera_test.dir/src/camera_node.cpp.o[0m
[1.162s] [100%] [32m[1mLinking CXX executable camera_test[0m
[1.273s] /usr/bin/ld: /usr/lib/gcc/aarch64-linux-gnu/11/../../../aarch64-linux-gnu/Scrt1.o: in function `_start':
[1.273s] (.text+0x1c): undefined reference to `main'
[1.273s] /usr/bin/ld: (.text+0x20): undefined reference to `main'
[1.276s] collect2: error: ld returned 1 exit status
[1.281s] gmake[2]: *** [CMakeFiles/camera_test.dir/build.make:167: camera_test] Error 1
[1.281s] gmake[1]: *** [CMakeFiles/Makefile2:137: CMakeFiles/camera_test.dir/all] Error 2
[1.282s] gmake: *** [Makefile:146: all] Error 2
[1.289s] Invoked command in '/home/tmem-orin8/tlab_practice_pacage/build/camera_test' returned '2': CMAKE_PREFIX_PATH=/opt/ros/humble /usr/bin/cmake --build /home/tmem-orin8/tlab_practice_pacage/build/camera_test -- -j6 -l6
