<?xml version="1.0" encoding="UTF-8"?>
<Site BuildName="(empty)"
	BuildStamp="20250902-0106-Experimental"
	Name="tmemorin8"
	Generator="ctest-3.22.1"
	CompilerName="/usr/bin/aarch64-linux-gnu-g++"
	CompilerVersion="11.4.0"
	OSName="Linux"
	Hostname="tmemorin8"
	OSRelease="5.15.136-tegra"
	OSVersion="#9 SMP PREEMPT Fri Jul 5 10:09:15 JST 2024"
	OSPlatform="aarch64"
	Is64Bits="1"
	VendorString=""
	VendorID="Unknown Manufacturer"
	FamilyID="8"
	ModelID="0"
	ProcessorCacheSize="0"
	NumberOfLogicalCPU="6"
	NumberOfPhysicalCPU="1"
	TotalVirtualMemory="3810"
	TotalPhysicalMemory="7620"
	LogicalProcessorsPerPhysical="6"
	ProcessorClockFrequency="0"
	>
	<Testing>
		<StartDateTime>Sep 02 12:37 JST</StartDateTime>
		<StartTestTime>1756784251</StartTestTime>
		<TestList/>
		<EndDateTime>Sep 02 12:37 JST</EndDateTime>
		<EndTestTime>1756784251</EndTestTime>
		<ElapsedMinutes>0</ElapsedMinutes>
	</Testing>
</Site>
